#
# There is insufficient memory for the Java Runtime Environment to continue.
# Native memory allocation (malloc) failed to allocate 1048576 bytes for AllocateHeap
# Possible reasons:
#   The system is out of physical RAM or swap space
#   In 32 bit mode, the process size limit was hit
# Possible solutions:
#   Reduce memory load on the system
#   Increase physical memory or swap space
#   Check if swap backing store is full
#   Use 64 bit Java on a 64 bit OS
#   Decrease Java heap size (-Xmx/-Xms)
#   Decrease number of Java threads
#   Decrease Java thread stack sizes (-Xss)
#   Set larger code cache with -XX:ReservedCodeCacheSize=
# This output file may be truncated or incomplete.
#
#  Out of Memory Error (memory/allocation.inline.hpp:61), pid=72268, tid=0x0000000000015c48
#
# JRE version:  (8.0_191-b12) (build )
# Java VM: Java HotSpot(TM) 64-Bit Server VM (25.191-b12 mixed mode windows-amd64 compressed oops)
# Failed to write core dump. Minidumps are not enabled by default on client versions of Windows
#

---------------  T H R E A D  ---------------

Current thread (0x0000000002de5800):  JavaThread "Unknown thread" [_thread_in_vm, id=89160, stack(0x0000000002b00000,0x0000000002c00000)]

Stack: [0x0000000002b00000,0x0000000002c00000]
[error occurred during error reporting (printing stack bounds), id 0xc0000005]

Native frames: (J=compiled Java code, j=interpreted, Vv=VM code, C=native code)


---------------  P R O C E S S  ---------------

Java Threads: ( => current thread )

Other Threads:

=>0x0000000002de5800 (exited) JavaThread "Unknown thread" [_thread_in_vm, id=89160, stack(0x0000000002b00000,0x0000000002c00000)]

VM state:not at safepoint (normal execution)

VM Mutex/Monitor currently owned by a thread: None

Heap:
 PSYoungGen      total 305664K, used 5242K [0x000000066b300000, 0x0000000680800000, 0x00000007c0000000)
  eden space 262144K, 2% used [0x000000066b300000,0x000000066b81eb90,0x000000067b300000)
  from space 43520K, 0% used [0x000000067dd80000,0x000000067dd80000,0x0000000680800000)
  to   space 43520K, 0% used [0x000000067b300000,0x000000067b300000,0x000000067dd80000)
 ParOldGen       total 699392K, used 0K [0x00000003c1800000, 0x00000003ec300000, 0x000000066b300000)
  object space 699392K, 0% used [0x00000003c1800000,0x00000003c1800000,0x00000003ec300000)
 Metaspace       used 775K, capacity 4480K, committed 4480K, reserved 1056768K
  class space    used 76K, capacity 384K, committed 384K, reserved 1048576K

Card table byte_map: [0x00000000122a0000,0x00000000142a0000] byte_map_base: 0x0000000010494000

Marking Bits: (ParMarkBitMap*) 0x0000000070603e30
 Begin Bits: [0x0000000015ff0000, 0x0000000025f90000)
 End Bits:   [0x0000000025f90000, 0x0000000035f30000)

Polling page: 0x0000000000dd0000

CodeCache: size=245760Kb used=328Kb max_used=328Kb free=245431Kb
 bounds [0x0000000002ee0000, 0x0000000003150000, 0x0000000011ee0000]
 total_blobs=58 nmethods=0 adapters=38
 compilation: enabled

Compilation events (0 events):
No events

GC Heap History (0 events):
No events

Deoptimization events (0 events):
No events

Classes redefined (0 events):
No events

Internal exceptions (0 events):
No events

Events (10 events):
Event: 0.035 loading class java/lang/Short
Event: 0.035 loading class java/lang/Short done
Event: 0.035 loading class java/lang/Integer
Event: 0.035 loading class java/lang/Integer done
Event: 0.035 loading class java/lang/Long
Event: 0.035 loading class java/lang/Long done
Event: 0.036 loading class java/lang/NullPointerException
Event: 0.036 loading class java/lang/NullPointerException done
Event: 0.036 loading class java/lang/ArithmeticException
Event: 0.036 loading class java/lang/ArithmeticException done


Dynamic libraries:
0x00007ff62a600000 - 0x00007ff62a637000 	C:\Program Files\Java\jdk1.8.0_191\bin\java.exe
0x00007ffcc79c0000 - 0x00007ffcc7bb0000 	C:\WINDOWS\SYSTEM32\ntdll.dll
0x00007ffcc6350000 - 0x00007ffcc6402000 	C:\WINDOWS\System32\KERNEL32.DLL
0x00007ffcc4ad0000 - 0x00007ffcc4d75000 	C:\WINDOWS\System32\KERNELBASE.dll
0x00000000743f0000 - 0x0000000074483000 	C:\WINDOWS\System32\SYSFER.DLL
0x00007ffcc5fd0000 - 0x00007ffcc6073000 	C:\WINDOWS\System32\ADVAPI32.dll
0x00007ffcc5a70000 - 0x00007ffcc5b0e000 	C:\WINDOWS\System32\msvcrt.dll
0x00007ffcc5ef0000 - 0x00007ffcc5f87000 	C:\WINDOWS\System32\sechost.dll
0x00007ffcc6080000 - 0x00007ffcc61a0000 	C:\WINDOWS\System32\RPCRT4.dll
0x00007ffcc76c0000 - 0x00007ffcc7854000 	C:\WINDOWS\System32\USER32.dll
0x00007ffcc4a80000 - 0x00007ffcc4aa1000 	C:\WINDOWS\System32\win32u.dll
0x00007ffcc64c0000 - 0x00007ffcc64e6000 	C:\WINDOWS\System32\GDI32.dll
0x00007ffcc5150000 - 0x00007ffcc52e6000 	C:\WINDOWS\System32\gdi32full.dll
0x00007ffcc49b0000 - 0x00007ffcc4a4e000 	C:\WINDOWS\System32\msvcp_win.dll
0x00007ffcc4eb0000 - 0x00007ffcc4faa000 	C:\WINDOWS\System32\ucrtbase.dll
0x00007ffcb3e40000 - 0x00007ffcb40c4000 	C:\WINDOWS\WinSxS\amd64_microsoft.windows.common-controls_6595b64144ccf1df_6.0.18362.1139_none_9e7bf2d3e4605ac6\COMCTL32.dll
0x00007ffcc69d0000 - 0x00007ffcc6d05000 	C:\WINDOWS\System32\combase.dll
0x00007ffcc4e30000 - 0x00007ffcc4eb0000 	C:\WINDOWS\System32\bcryptPrimitives.dll
0x00007ffcc5fa0000 - 0x00007ffcc5fce000 	C:\WINDOWS\System32\IMM32.DLL
0x0000000072570000 - 0x0000000072642000 	C:\Program Files\Java\jdk1.8.0_191\jre\bin\msvcr100.dll
0x000000006fde0000 - 0x0000000070684000 	C:\Program Files\Java\jdk1.8.0_191\jre\bin\server\jvm.dll
0x00007ffcc6270000 - 0x00007ffcc6278000 	C:\WINDOWS\System32\PSAPI.DLL
0x00007ffcbb060000 - 0x00007ffcbb069000 	C:\WINDOWS\SYSTEM32\WSOCK32.dll
0x00007ffcc64f0000 - 0x00007ffcc655f000 	C:\WINDOWS\System32\WS2_32.dll
0x00007ffcbb730000 - 0x00007ffcbb754000 	C:\WINDOWS\SYSTEM32\WINMM.dll
0x00007ffcbcde0000 - 0x00007ffcbcdea000 	C:\WINDOWS\SYSTEM32\VERSION.dll
0x00007ffcbb6f0000 - 0x00007ffcbb71d000 	C:\WINDOWS\SYSTEM32\WINMMBASE.dll
0x00007ffcc5100000 - 0x00007ffcc514a000 	C:\WINDOWS\System32\cfgmgr32.dll
0x0000000072ac0000 - 0x0000000072acf000 	C:\Program Files\Java\jdk1.8.0_191\jre\bin\verify.dll
0x0000000072540000 - 0x0000000072569000 	C:\Program Files\Java\jdk1.8.0_191\jre\bin\java.dll
0x0000000072300000 - 0x0000000072323000 	C:\Program Files\Java\jdk1.8.0_191\jre\bin\instrument.dll
0x0000000072aa0000 - 0x0000000072ab6000 	C:\Program Files\Java\jdk1.8.0_191\jre\bin\zip.dll

VM Arguments:
jvm_args: -XX:TieredStopAtLevel=1 -Xverify:none -Dspring.output.ansi.enabled=always -Dcom.sun.management.jmxremote -Dspring.jmx.enabled=true -Dspring.liveBeansView.mbeanDomain -Dspring.application.admin.enabled=true -javaagent:C:\Users\CB62819N\AppData\Local\JetBrains\Toolbox\apps\IDEA-U\ch-1\191.8026.42\lib\idea_rt.jar=3526:C:\Users\CB62819N\AppData\Local\JetBrains\Toolbox\apps\IDEA-U\ch-1\191.8026.42\bin -Dfile.encoding=UTF-8 
java_command: fr.enedis.producerkafka.ProducerKafkaApplication
java_class_path (initial): C:\Program Files\Java\jdk1.8.0_191\jre\lib\charsets.jar;C:\Program Files\Java\jdk1.8.0_191\jre\lib\deploy.jar;C:\Program Files\Java\jdk1.8.0_191\jre\lib\ext\access-bridge-64.jar;C:\Program Files\Java\jdk1.8.0_191\jre\lib\ext\cldrdata.jar;C:\Program Files\Java\jdk1.8.0_191\jre\lib\ext\dnsns.jar;C:\Program Files\Java\jdk1.8.0_191\jre\lib\ext\jaccess.jar;C:\Program Files\Java\jdk1.8.0_191\jre\lib\ext\jfxrt.jar;C:\Program Files\Java\jdk1.8.0_191\jre\lib\ext\localedata.jar;C:\Program Files\Java\jdk1.8.0_191\jre\lib\ext\nashorn.jar;C:\Program Files\Java\jdk1.8.0_191\jre\lib\ext\sunec.jar;C:\Program Files\Java\jdk1.8.0_191\jre\lib\ext\sunjce_provider.jar;C:\Program Files\Java\jdk1.8.0_191\jre\lib\ext\sunmscapi.jar;C:\Program Files\Java\jdk1.8.0_191\jre\lib\ext\sunpkcs11.jar;C:\Program Files\Java\jdk1.8.0_191\jre\lib\ext\zipfs.jar;C:\Program Files\Java\jdk1.8.0_191\jre\lib\javaws.jar;C:\Program Files\Java\jdk1.8.0_191\jre\lib\jce.jar;C:\Program Files\Java\jdk1.8.0_191\jre\lib\jfr.jar;C:\Program Files\Java\jdk1.8.0_191\jre\lib\jfxswt.jar;C:\Program Files\Java\jdk1.8.0_191\jre\lib\jsse.jar;C:\Program Files\Java\jdk1.8.0_191\jre\lib\management-agent.jar;C:\Program Files\Java\jdk1.8.0_191\jre\lib\plugin.jar;C:\Program Files\Java\jdk1.8.0_191\jre\lib\resources.jar;C:\Program Files\Java\jdk1.8.0_191\jre\lib\rt.jar;E:\pocs\kafka + consumer + producer + elastic\producer\producer-kafka\target\classes;E:\repo\com\github\javafaker\javafaker\0.15\javafaker-0.15.jar;E:\repo\org\apache\commons\commons-lang3\3.10\commons-lang3-3.10.jar;E:\repo\org\yaml\snakeyaml\1.20\snakeyaml-1.20-android.jar;E:\repo\com\github\mifmif\generex\1.0.2\generex-1.0.2.jar;E:\repo\dk\brics\automaton\automaton\1.11-8\automaton-1.11-8.jar;E:\repo\org\springframework\boot\spring-boot-starter\2.3.5.RELEASE\spring-boot-starter-2.3.5.RELEASE.jar;E:\repo\org\springframework\boot\spring-boot\2.3.5.RELEASE\spring-boot-2.3.5.RELEASE.jar;E:\repo\org\springframework\boot\spring-boot-autoconfigu
Launcher Type: SUN_STANDARD

Environment Variables:
JAVA_HOME=C:\Program Files\Java\jdk1.8.0_191
CLASSPATH=.;
PATH=C:\Users\CB62819N\AppData\Local\JetBrains\Toolbox\apps\IDEA-U\ch-1\191.8026.42\jre64\bin;C:\Users\CB62819N\AppData\Local\JetBrains\Toolbox\apps\IDEA-U\ch-1\191.8026.42\jre64\bin\server;C:\ProgramData\DockerDesktop\version-bin;C:\Program Files\Docker\Docker\Resources\bin;C:\ProgramData\Oracle\Java\javapath;C:\WINDOWS\system32;C:\WINDOWS;C:\WINDOWS\System32\Wbem;C:\WINDOWS\System32\WindowsPowerShell\v1.0\;c:\Program Files\Microsoft Data Protection Manager\DPM\bin\VDDK\bin\;C:\Users\CB62819N_al\AppData\Local\Microsoft\WindowsApps;bin;usr\bin;C:\Users\CB62819N\AppData\Local\Programs\Git\bin;C:\Users\CB62819N\AppData\Local\Programs\Git\usr\bin;C:\Program Files (x86)\Java\jdk1.7.0_75\bin;C:\HashiCorp\Vagrant\bin;C:\Program Files\nodejs\;;%SystemRoot%\system32;%SystemRoot%;%SystemRoot%\System32\Wbem;%SYSTEMROOT%\System32\WindowsPowerShell\v1.0\;%SYSTEMROOT%\System32\OpenSSH\;C:\Users\CB62819N\AppData\Local\Microsoft\WindowsApps;C:\Users\CB62819N\AppData\Local\Programs\Git\cmd;C:\Users\CB62819N\AppData\Roaming\npm
USERNAME=cb62819n
OS=Windows_NT
PROCESSOR_IDENTIFIER=Intel64 Family 6 Model 63 Stepping 2, GenuineIntel



---------------  S Y S T E M  ---------------

OS: Windows 10.0 , 64 bit Build 18362 (10.0.18362.1110)

CPU:total 8 (initial active 8) (4 cores per cpu, 2 threads per core) family 6 model 63 stepping 2, cmov, cx8, fxsr, mmx, sse, sse2, sse3, ssse3, sse4.1, sse4.2, popcnt, avx, avx2, aes, clmul, erms, lzcnt, ht, tsc, tscinvbit, bmi1, bmi2

Memory: 4k page, physical 67009680k(2874036k free), swap 97149324k(12044k free)

vm_info: Java HotSpot(TM) 64-Bit Server VM (25.191-b12) for windows-amd64 JRE (1.8.0_191-b12), built on Oct  6 2018 09:29:03 by "java_re" with MS VC++ 10.0 (VS2010)

time: Fri Nov 06 18:29:26 2020
elapsed time: 0 seconds (0d 0h 0m 0s)

